\BOOKMARK [1][-]{section.1}{\376\377\000P\000u\000r\000p\000o\000s\000e\000\040\000a\000n\000d\000\040\000s\000c\000o\000p\000e}{}% 1
\BOOKMARK [1][-]{section.2}{\376\377\000D\000e\000s\000i\000g\000n\000\040\000a\000s\000s\000u\000m\000p\000t\000i\000o\000n\000s}{}% 2
\BOOKMARK [1][-]{section.3}{\376\377\000D\000e\000s\000i\000g\000n\000\040\000a\000r\000t\000i\000f\000a\000c\000t\000s}{}% 3
\BOOKMARK [1][-]{section.4}{\376\377\000R\000e\000q\000u\000i\000r\000e\000m\000e\000n\000t\000s}{}% 4
\BOOKMARK [1][-]{section.5}{\376\377\000T\000r\000a\000c\000e\000a\000b\000i\000l\000i\000t\000y\000\040\000m\000a\000t\000r\000i\000x}{}% 5
\BOOKMARK [1][-]{section.6}{\376\377\000E\000x\000t\000e\000r\000n\000a\000l\000\040\000i\000n\000t\000e\000r\000f\000a\000c\000e\000s}{}% 6
\BOOKMARK [2][-]{subsection.6.1}{\376\377\000P\000i\000n\000o\000u\000t}{section.6}% 7
\BOOKMARK [2][-]{subsection.6.2}{\376\377\000U\000A\000R\000T\000\040\000i\000n\000t\000e\000r\000f\000a\000c\000e\000\040\000p\000a\000r\000a\000m\000e\000t\000e\000r\000s}{section.6}% 8
\BOOKMARK [2][-]{subsection.6.3}{\376\377\000V\000i\000s\000i\000o\000n\000\040\000a\000p\000p\000r\000o\000a\000c\000h\000\040\000\050\000o\000p\000e\000n\000\040\000d\000e\000s\000i\000g\000n\000\040\000d\000e\000c\000i\000s\000i\000o\000n\000\051}{section.6}% 9
\BOOKMARK [1][-]{section.7}{\376\377\000E\000l\000e\000c\000t\000r\000i\000c\000a\000l\000\040\000d\000e\000s\000i\000g\000n\000\040\000s\000u\000m\000m\000a\000r\000y}{}% 10
\BOOKMARK [2][-]{subsection.7.1}{\376\377\000K\000e\000y\000\040\000c\000o\000m\000p\000o\000n\000e\000n\000t\000s}{section.7}% 11
\BOOKMARK [2][-]{subsection.7.2}{\376\377\000P\000o\000w\000e\000r\000\040\000a\000r\000c\000h\000i\000t\000e\000c\000t\000u\000r\000e}{section.7}% 12
\BOOKMARK [2][-]{subsection.7.3}{\376\377\000C\000a\000m\000e\000r\000a\000\040\000p\000o\000w\000e\000r\000\040\000g\000a\000t\000e\000\040\000\050\000U\0004\000\051\000\040\000a\000n\000d\000\040\000U\000A\000R\000T\000\040\000i\000s\000o\000l\000a\000t\000i\000o\000n\000\040\000s\000w\000i\000t\000c\000h\000\040\000\050\000U\0005\000\051}{section.7}% 13
\BOOKMARK [2][-]{subsection.7.4}{\376\377\000A\000n\000a\000l\000y\000t\000i\000c\000a\000l\000\040\000p\000o\000w\000e\000r\000\040\000b\000u\000d\000g\000e\000t}{section.7}% 14
\BOOKMARK [2][-]{subsection.7.5}{\376\377\000O\000u\000t\000p\000u\000t\000\040\000d\000r\000i\000v\000e}{section.7}% 15
\BOOKMARK [2][-]{subsection.7.6}{\376\377\000C\000o\000m\000p\000o\000n\000e\000n\000t\000\040\000v\000a\000l\000u\000e\000\040\000r\000a\000t\000i\000o\000n\000a\000l\000e}{section.7}% 16
\BOOKMARK [2][-]{subsection.7.7}{\376\377\000S\000c\000h\000e\000m\000a\000t\000i\000c\000\040\000p\000r\000e\000v\000i\000e\000w}{section.7}% 17
\BOOKMARK [2][-]{subsection.7.8}{\376\377\000P\000C\000B\000\040\000d\000e\000s\000i\000g\000n\000\040\000r\000e\000v\000i\000e\000w\000\040\000n\000o\000t\000e\000s}{section.7}% 18
\BOOKMARK [1][-]{section.8}{\376\377\000S\000t\000a\000t\000e\000\040\000m\000a\000c\000h\000i\000n\000e}{}% 19
\BOOKMARK [2][-]{subsection.8.1}{\376\377\000S\000t\000a\000t\000e\000\040\000d\000e\000f\000i\000n\000i\000t\000i\000o\000n\000s}{section.8}% 20
\BOOKMARK [2][-]{subsection.8.2}{\376\377\000S\000t\000a\000t\000e\000-\000t\000r\000a\000n\000s\000i\000t\000i\000o\000n\000\040\000d\000i\000a\000g\000r\000a\000m}{section.8}% 21
\BOOKMARK [2][-]{subsection.8.3}{\376\377\000S\000t\000a\000t\000e\000\040\000b\000e\000h\000a\000v\000i\000o\000r\000\040\000t\000a\000b\000l\000e}{section.8}% 22
\BOOKMARK [1][-]{section.9}{\376\377\000U\000A\000R\000T\000\040\000p\000r\000o\000t\000o\000c\000o\000l\000\040\000i\000n\000t\000e\000r\000f\000a\000c\000e}{}% 23
\BOOKMARK [2][-]{subsection.9.1}{\376\377\000F\000r\000a\000m\000e\000\040\000f\000o\000r\000m\000a\000t}{section.9}% 24
\BOOKMARK [2][-]{subsection.9.2}{\376\377\000C\000o\000m\000m\000a\000n\000d\000\040\000s\000e\000t}{section.9}% 25
\BOOKMARK [2][-]{subsection.9.3}{\376\377\000R\000e\000s\000p\000o\000n\000s\000e\000\040\000h\000a\000n\000d\000l\000i\000n\000g}{section.9}% 26
\BOOKMARK [2][-]{subsection.9.4}{\376\377\000T\000i\000m\000e\000o\000u\000t\000\040\000a\000n\000d\000\040\000r\000e\000t\000r\000y\000\040\000r\000u\000l\000e\000s}{section.9}% 27
\BOOKMARK [1][-]{section.10}{\376\377\000F\000i\000r\000m\000w\000a\000r\000e\000\040\000d\000e\000s\000i\000g\000n\000\040\000s\000k\000e\000t\000c\000h}{}% 28
\BOOKMARK [1][-]{section.11}{\376\377\000A\000d\000d\000i\000t\000i\000o\000n\000a\000l\000\040\000d\000e\000s\000i\000g\000n\000\040\000c\000o\000n\000s\000i\000d\000e\000r\000a\000t\000i\000o\000n\000s}{}% 29
\BOOKMARK [2][-]{subsection.11.1}{\376\377\000M\000e\000c\000h\000a\000n\000i\000c\000a\000l\000\040\000a\000n\000d\000\040\000e\000n\000v\000i\000r\000o\000n\000m\000e\000n\000t\000a\000l}{section.11}% 30
\BOOKMARK [2][-]{subsection.11.2}{\376\377\000S\000e\000c\000u\000r\000i\000t\000y\000\040\000c\000o\000n\000s\000i\000d\000e\000r\000a\000t\000i\000o\000n\000s}{section.11}% 31
\BOOKMARK [1][-]{section.12}{\376\377\000T\000h\000e\000o\000r\000e\000t\000i\000c\000a\000l\000\040\000v\000e\000r\000i\000f\000i\000c\000a\000t\000i\000o\000n\000\040\000p\000l\000a\000n}{}% 32
\BOOKMARK [2][-]{subsection.12.1}{\376\377\000E\000x\000p\000e\000c\000t\000e\000d\000\040\000b\000e\000h\000a\000v\000i\000o\000r\000\040\000a\000n\000d\000\040\000d\000e\000s\000i\000g\000n\000\040\000t\000a\000r\000g\000e\000t\000s}{section.12}% 33
\BOOKMARK [2][-]{subsection.12.2}{\376\377\000A\000n\000a\000l\000y\000t\000i\000c\000a\000l\000\040\000v\000e\000r\000i\000f\000i\000c\000a\000t\000i\000o\000n}{section.12}% 34
\BOOKMARK [2][-]{subsection.12.3}{\376\377\000S\000c\000h\000e\000m\000a\000t\000i\000c\000\040\000a\000n\000d\000\040\000P\000C\000B\000\040\000v\000e\000r\000i\000f\000i\000c\000a\000t\000i\000o\000n}{section.12}% 35
\BOOKMARK [2][-]{subsection.12.4}{\376\377\000E\000x\000c\000l\000u\000d\000e\000d\000\040\000v\000e\000r\000i\000f\000i\000c\000a\000t\000i\000o\000n\000\040\000a\000c\000t\000i\000v\000i\000t\000i\000e\000s}{section.12}% 36
\BOOKMARK [1][-]{section.13}{\376\377\000R\000e\000f\000e\000r\000e\000n\000c\000e\000s}{}% 37
\BOOKMARK [1][-]{section.14}{\376\377\000S\000u\000m\000m\000a\000r\000y}{}% 38
